20:48:58 **** Build of configuration Debug for project mycopy ****
make all 
Building file: ../src/mycopy.c
Invoking: GCC C Compiler
gcc -O0 -g3 -Wall -c -fmessage-length=0 -MMD -MP -MF"src/mycopy.d" -MT"src/mycopy.d" -o "src/mycopy.o" "../src/mycopy.c"
Finished building: ../src/mycopy.c
 
Building target: mycopy
Invoking: GCC C Linker
gcc  -o "mycopy"  ./src/mycopy.o   
Finished building target: mycopy
 
20:49:11 **** Incremental Build of configuration Debug for project mycopy ****
make all 
make: Nothing to be done for `all'.
20:50:10 **** Incremental Build of configuration Debug for project mycopy ****
make all 
make: Nothing to be done for `all'.
20:51:39 **** Incremental Build of configuration Debug for project mycopy ****
make all 
make: Nothing to be done for `all'.
20:51:48 **** Incremental Build of configuration Debug for project mycopy ****
make all 
make: Nothing to be done for `all'.
20:51:50 **** Incremental Build of configuration Debug for project mycopy ****
make all 
make: Nothing to be done for `all'.
20:51:52 **** Incremental Build of configuration Debug for project mycopy ****
make all 
make: Nothing to be done for `all'.
20:58:22 **** Incremental Build of configuration Debug for project mycopy ****
make all 
Building file: ../src/mycopy.c
Invoking: GCC C Compiler
gcc -O0 -g3 -Wall -c -fmessage-length=0 -MMD -MP -MF"src/mycopy.d" -MT"src/mycopy.d" -o "src/mycopy.o" "../src/mycopy.c"
Finished building: ../src/mycopy.c
 
Building target: mycopy
Invoking: GCC C Linker
gcc  -o "mycopy"  ./src/mycopy.o   
Finished building target: mycopy
 
